Traceback (most recent call last):
  File "./logPower.py", line 15, in <module>
    GPIO.wait_for_edge(23, GPIO.FALLING)
KeyboardInterrupt

Traceback (most recent call last):
  File "./logPower.py", line 18, in <module>
    GPIO.wait_for_edge(23, GPIO.FALLING)
KeyboardInterrupt
invalid literal for int() with base 10: ''
invalid literal for int() with base 10: ''
invalid literal for int() with base 10: ''
invalid literal for int() with base 10: ''
invalid literal for int() with base 10: ''
invalid literal for int() with base 10: ''
invalid literal for int() with base 10: ''
invalid literal for int() with base 10: ''
invalid literal for int() with base 10: ''
invalid literal for int() with base 10: ''
invalid literal for int() with base 10: ''
invalid literal for int() with base 10: ''
invalid literal for int() with base 10: ''
invalid literal for int() with base 10: ''
invalid literal for int() with base 10: ''
invalid literal for int() with base 10: ''
invalid literal for int() with base 10: ''
invalid literal for int() with base 10: ''
invalid literal for int() with base 10: ''
invalid literal for int() with base 10: ''
invalid literal for int() with base 10: ''
invalid literal for int() with base 10: ''
invalid literal for int() with base 10: ''
invalid literal for int() with base 10: ''
invalid literal for int() with base 10: ''
invalid literal for int() with base 10: ''
invalid literal for int() with base 10: ''
invalid literal for int() with base 10: ''
invalid literal for int() with base 10: ''
invalid literal for int() with base 10: ''
invalid literal for int() with base 10: ''
invalid literal for int() with base 10: ''
invalid literal for int() with base 10: ''
invalid literal for int() with base 10: ''
invalid literal for int() with base 10: ''
invalid literal for int() with base 10: ''
invalid literal for int() with base 10: ''
invalid literal for int() with base 10: ''
invalid literal for int() with base 10: ''
invalid literal for int() with base 10: ''
invalid literal for int() with base 10: ''
invalid literal for int() with base 10: ''
invalid literal for int() with base 10: ''
invalid literal for int() with base 10: ''
invalid literal for int() with base 10: ''
invalid literal for int() with base 10: ''
invalid literal for int() with base 10: ''
invalid literal for int() with base 10: ''
invalid literal for int() with base 10: ''
invalid literal for int() with base 10: ''
invalid literal for int() with base 10: ''
invalid literal for int() with base 10: ''
invalid literal for int() with base 10: ''
invalid literal for int() with base 10: ''
invalid literal for int() with base 10: ''
invalid literal for int() with base 10: ''
invalid literal for int() with base 10: ''
invalid literal for int() with base 10: ''
invalid literal for int() with base 10: ''
invalid literal for int() with base 10: ''
invalid literal for int() with base 10: ''
invalid literal for int() with base 10: ''
invalid literal for int() with base 10: ''
invalid literal for int() with base 10: ''
invalid literal for int() with base 10: ''
invalid literal for int() with base 10: ''
invalid literal for int() with base 10: ''
invalid literal for int() with base 10: ''
invalid literal for int() with base 10: ''
invalid literal for int() with base 10: ''
invalid literal for int() with base 10: ''
invalid literal for int() with base 10: ''
invalid literal for int() with base 10: ''
invalid literal for int() with base 10: ''
invalid literal for int() with base 10: ''
invalid literal for int() with base 10: ''
invalid literal for int() with base 10: ''
invalid literal for int() with base 10: ''
invalid literal for int() with base 10: ''
invalid literal for int() with base 10: ''
invalid literal for int() with base 10: ''
invalid literal for int() with base 10: ''
invalid literal for int() with base 10: ''
invalid literal for int() with base 10: ''
invalid literal for int() with base 10: ''
invalid literal for int() with base 10: ''
invalid literal for int() with base 10: ''
invalid literal for int() with base 10: ''
invalid literal for int() with base 10: ''
invalid literal for int() with base 10: ''
invalid literal for int() with base 10: ''
invalid literal for int() with base 10: ''
invalid literal for int() with base 10: ''
invalid literal for int() with base 10: ''
invalid literal for int() with base 10: ''
invalid litTraceback (most recent call last):
  File "./logPower.py", line 18, in <module>
    GPIO.wait_for_edge(23, GPIO.FALLING)
KeyboardInterrupt
